<?xml version="1.0" encoding="UTF-8"?>
<!-- Generated by org.testng.reporters.JUnitXMLReporter -->
<testsuite ignored="0" hostname="Nicoles-MacBook-Pro.local" failures="0" tests="6" name="Test" time="0.054" errors="0" timestamp="2020-11-23T17:05:47 PST">
  <testcase classname="mavenQuickStart.Mavenjava.AppiumTest" name="IOSApp" time="0.008"/>
  <testcase classname="mavenQuickStart.Mavenjava.AppiumTest" name="NativeAppAndroid" time="0.002"/>
  <testcase classname="mavenQuickStart.Mavenjava.RESTAPITest" name="DeleteTwitter" time="0.001"/>
  <testcase classname="mavenQuickStart.Mavenjava.RESTAPITest" name="PostJira" time="0.001"/>
  <testcase classname="mavenQuickStart.Mavenjava.SeleniumTest" name="BrowserAutomation" time="0.001"/>
  <testcase classname="mavenQuickStart.Mavenjava.SeleniumTest" name="Elements" time="0.001"/>
</testsuite> <!-- Test -->
