<?xml version="1.0" encoding="UTF-8"?>
<testng-results ignored="0" total="6" passed="6" failed="0" skipped="0">
  <reporter-output>
  </reporter-output>
  <suite started-at="2020-12-08T21:27:45 PST" name="Suite" finished-at="2020-12-08T21:27:45 PST" duration-ms="44">
    <groups>
    </groups>
    <test started-at="2020-12-08T21:27:45 PST" name="Test" finished-at="2020-12-08T21:27:45 PST" duration-ms="44">
      <class name="mavenQuickStart.Mavenjava.SeleniumTest">
        <test-method signature="Elements()[pri:0, instance:mavenQuickStart.Mavenjava.SeleniumTest@b3ca52e]" started-at="2020-12-08T21:27:45 PST" name="Elements" finished-at="2020-12-08T21:27:45 PST" duration-ms="0" status="PASS">
          <reporter-output>
          </reporter-output>
        </test-method> <!-- Elements -->
        <test-method signature="BrowserAutomation()[pri:0, instance:mavenQuickStart.Mavenjava.SeleniumTest@b3ca52e]" started-at="2020-12-08T21:27:45 PST" name="BrowserAutomation" finished-at="2020-12-08T21:27:45 PST" duration-ms="0" status="PASS">
          <reporter-output>
          </reporter-output>
        </test-method> <!-- BrowserAutomation -->
      </class> <!-- mavenQuickStart.Mavenjava.SeleniumTest -->
      <class name="mavenQuickStart.Mavenjava.AppiumTest">
        <test-method signature="IOSApp()[pri:0, instance:mavenQuickStart.Mavenjava.AppiumTest@752325ad]" started-at="2020-12-08T21:27:45 PST" name="IOSApp" finished-at="2020-12-08T21:27:45 PST" duration-ms="5" status="PASS">
          <reporter-output>
          </reporter-output>
        </test-method> <!-- IOSApp -->
        <test-method signature="NativeAppAndroid()[pri:0, instance:mavenQuickStart.Mavenjava.AppiumTest@752325ad]" started-at="2020-12-08T21:27:45 PST" name="NativeAppAndroid" finished-at="2020-12-08T21:27:45 PST" duration-ms="1" status="PASS">
          <reporter-output>
          </reporter-output>
        </test-method> <!-- NativeAppAndroid -->
      </class> <!-- mavenQuickStart.Mavenjava.AppiumTest -->
      <class name="mavenQuickStart.Mavenjava.RESTAPITest">
        <test-method signature="DeleteTwitter()[pri:0, instance:mavenQuickStart.Mavenjava.RESTAPITest@279fedbd]" started-at="2020-12-08T21:27:45 PST" name="DeleteTwitter" finished-at="2020-12-08T21:27:45 PST" duration-ms="0" status="PASS">
          <reporter-output>
          </reporter-output>
        </test-method> <!-- DeleteTwitter -->
        <test-method signature="PostJira()[pri:0, instance:mavenQuickStart.Mavenjava.RESTAPITest@279fedbd]" started-at="2020-12-08T21:27:45 PST" name="PostJira" finished-at="2020-12-08T21:27:45 PST" duration-ms="0" status="PASS">
          <reporter-output>
          </reporter-output>
        </test-method> <!-- PostJira -->
      </class> <!-- mavenQuickStart.Mavenjava.RESTAPITest -->
    </test> <!-- Test -->
  </suite> <!-- Suite -->
</testng-results>
