<?xml version="1.0" encoding="UTF-8"?>
<testsuite xmlns:xsi="http://www.w3.org/2001/XMLSchema-instance" xsi:noNamespaceSchemaLocation="https://maven.apache.org/surefire/maven-surefire-plugin/xsd/surefire-test-report.xsd" name="TestSuite" time="0.686" tests="6" errors="0" skipped="0" failures="0">
  <properties>
[...]
</properties>
  <testcase name="IOSApp" classname="mavenQuickStart.Mavenjava.AppiumTest" time="0.005"/>
  <testcase name="NativeAppAndroid" classname="mavenQuickStart.Mavenjava.AppiumTest" time="0"/>
  <testcase name="DeleteTwitter" classname="mavenQuickStart.Mavenjava.RESTAPITest" time="0"/>
  <testcase name="PostJira" classname="mavenQuickStart.Mavenjava.RESTAPITest" time="0"/>
  <testcase name="BrowserAutomation" classname="mavenQuickStart.Mavenjava.SeleniumTest" time="0"/>
  <testcase name="Elements" classname="mavenQuickStart.Mavenjava.SeleniumTest" time="0"/>
</testsuite>